2021-08-22 23:43:44,938 INFO o.a.j.u.JMeterUtils: Setting Locale to en_EN
2021-08-22 23:43:44,952 INFO o.a.j.JMeter: Loading user properties from: C:\Users\maxel\Desktop\apache-jmeter-5.2.1\bin\user.properties
2021-08-22 23:43:44,953 INFO o.a.j.JMeter: Loading system properties from: C:\Users\maxel\Desktop\apache-jmeter-5.2.1\bin\system.properties
2021-08-22 23:43:44,954 INFO o.a.j.JMeter: Copyright (c) 1998-2019 The Apache Software Foundation
2021-08-22 23:43:44,954 INFO o.a.j.JMeter: Version 5.2.1
2021-08-22 23:43:44,955 INFO o.a.j.JMeter: java.version=1.8.0_221
2021-08-22 23:43:44,955 INFO o.a.j.JMeter: java.vm.name=Java HotSpot(TM) Client VM
2021-08-22 23:43:44,955 INFO o.a.j.JMeter: os.name=Windows 10
2021-08-22 23:43:44,955 INFO o.a.j.JMeter: os.arch=x86
2021-08-22 23:43:44,955 INFO o.a.j.JMeter: os.version=10.0
2021-08-22 23:43:44,955 INFO o.a.j.JMeter: file.encoding=Cp1252
2021-08-22 23:43:44,955 INFO o.a.j.JMeter: java.awt.headless=true
2021-08-22 23:43:44,955 INFO o.a.j.JMeter: Max memory     =1073741824
2021-08-22 23:43:44,955 INFO o.a.j.JMeter: Available Processors =4
2021-08-22 23:43:44,958 INFO o.a.j.JMeter: Default Locale=English (EN)
2021-08-22 23:43:44,959 INFO o.a.j.JMeter: JMeter  Locale=English (EN)
2021-08-22 23:43:44,959 INFO o.a.j.JMeter: JMeterHome=C:\Users\maxel\Desktop\apache-jmeter-5.2.1
2021-08-22 23:43:44,959 INFO o.a.j.JMeter: user.dir  =C:\Users\maxel\Desktop\ResilienceTestingPython\ResilienceTestingTool\v0.1
2021-08-22 23:43:44,959 INFO o.a.j.JMeter: PWD       =C:\Users\maxel\Desktop\ResilienceTestingPython\ResilienceTestingTool\v0.1
2021-08-22 23:43:44,961 INFO o.a.j.JMeter: IP: 10.0.2.15 Name: DESKTOP-V6MFS9C FullName: DESKTOP-V6MFS9C
2021-08-22 23:43:44,965 INFO o.a.j.s.FileServer: Default base='C:\Users\maxel\Desktop\ResilienceTestingPython\ResilienceTestingTool\v0.1'
2021-08-22 23:43:44,969 INFO o.a.j.s.FileServer: Set new base='C:\Users\maxel\Desktop\FINAL'
2021-08-22 23:43:45,101 INFO o.a.j.s.SaveService: Testplan (JMX) version: 2.2. Testlog (JTL) version: 2.2
2021-08-22 23:43:45,106 INFO o.a.j.s.SaveService: Using SaveService properties file encoding UTF-8
2021-08-22 23:43:45,112 INFO o.a.j.s.SaveService: Using SaveService properties version 5.0
2021-08-22 23:43:45,118 INFO o.a.j.s.SaveService: Loading file: C:\Users\maxel\Desktop\FINAL\dummy - Copy.jmx
2021-08-22 23:43:45,169 INFO o.a.j.p.h.c.CookieManager: Settings: Delete null: true Check: true Allow variable: true Save: false Prefix: COOKIE_
2021-08-22 23:43:45,173 INFO o.a.j.p.h.c.CacheManager: Will only cache the following methods: [GET]
2021-08-22 23:43:45,190 INFO o.a.j.p.h.s.HTTPSamplerBase: Parser for text/html is org.apache.jmeter.protocol.http.parser.LagartoBasedHtmlParser
2021-08-22 23:43:45,190 INFO o.a.j.p.h.s.HTTPSamplerBase: Parser for application/xhtml+xml is org.apache.jmeter.protocol.http.parser.LagartoBasedHtmlParser
2021-08-22 23:43:45,190 INFO o.a.j.p.h.s.HTTPSamplerBase: Parser for application/xml is org.apache.jmeter.protocol.http.parser.LagartoBasedHtmlParser
2021-08-22 23:43:45,190 INFO o.a.j.p.h.s.HTTPSamplerBase: Parser for text/xml is org.apache.jmeter.protocol.http.parser.LagartoBasedHtmlParser
2021-08-22 23:43:45,191 INFO o.a.j.p.h.s.HTTPSamplerBase: Parser for text/vnd.wap.wml is org.apache.jmeter.protocol.http.parser.RegexpHTMLParser
2021-08-22 23:43:45,191 INFO o.a.j.p.h.s.HTTPSamplerBase: Parser for text/css is org.apache.jmeter.protocol.http.parser.CssParser
2021-08-22 23:43:45,198 INFO o.a.j.s.SampleResult: Note: Sample TimeStamps are START times
2021-08-22 23:43:45,198 INFO o.a.j.s.SampleResult: sampleresult.default.encoding is set to ISO-8859-1
2021-08-22 23:43:45,198 INFO o.a.j.s.SampleResult: sampleresult.useNanoTime=true
2021-08-22 23:43:45,199 INFO o.a.j.s.SampleResult: sampleresult.nanoThreadSleep=5000
2021-08-22 23:43:45,235 INFO o.a.j.JMeter: Creating summariser <summary>
2021-08-22 23:43:45,242 INFO o.a.j.e.StandardJMeterEngine: Running the test!
2021-08-22 23:43:45,242 INFO o.a.j.s.SampleEvent: List of sample_variables: []
2021-08-22 23:43:45,243 INFO o.a.j.s.SampleEvent: List of sample_variables: []
2021-08-22 23:43:45,248 INFO o.a.j.e.u.CompoundVariable: Note: Function class names must contain the string: '.functions.'
2021-08-22 23:43:45,248 INFO o.a.j.e.u.CompoundVariable: Note: Function class names must not contain the string: '.gui.'
2021-08-22 23:43:45,630 INFO o.a.j.v.b.BackendListener: Backend Listener: Starting worker with class: class org.apache.jmeter.visualizers.backend.influxdb.InfluxdbBackendListenerClient and queue capacity: 5000
2021-08-22 23:43:45,630 INFO o.a.j.v.b.BackendListener: Backend Listener: Started  worker with class: class org.apache.jmeter.visualizers.backend.influxdb.InfluxdbBackendListenerClient
2021-08-22 23:43:45,907 WARN o.a.j.r.ResultCollector: Error creating directories for C:\Users\debar\Desktop\Folder
2021-08-22 23:43:45,923 INFO o.a.j.JMeter: Running test (1629656025923)
2021-08-22 23:43:45,976 INFO o.a.j.e.StandardJMeterEngine: Starting ThreadGroup: 1 : Thread Group
2021-08-22 23:43:45,976 INFO o.a.j.e.StandardJMeterEngine: Starting 1 threads for group Thread Group.
2021-08-22 23:43:45,976 INFO o.a.j.e.StandardJMeterEngine: Thread will continue on error
2021-08-22 23:43:45,976 INFO o.a.j.t.ThreadGroup: Starting thread group... number=1 threads=1 ramp-up=1 delayedStart=false
2021-08-22 23:43:45,984 INFO o.a.j.t.ThreadGroup: Started thread group number 1
2021-08-22 23:43:45,984 INFO o.a.j.e.StandardJMeterEngine: All thread groups have been started
2021-08-22 23:43:45,990 INFO o.a.j.t.JMeterThread: Thread started: Thread Group 1-1
2021-08-22 23:43:46,011 INFO o.a.j.p.h.s.HTTPHCAbstractImpl: Local host = DESKTOP-V6MFS9C
2021-08-22 23:43:46,016 INFO o.a.j.p.h.s.HTTPHC4Impl: HTTP request retry count = 0
2021-08-22 23:43:47,008 ERROR o.a.j.v.b.i.HttpMetricsSender: failed to send data to influxDB server.
java.net.ConnectException: Timeout connecting to [localhost/127.0.0.1:8086]
	at org.apache.http.nio.pool.RouteSpecificPool.timeout(RouteSpecificPool.java:169) [httpcore-nio-4.4.12.jar:4.4.12]
	at org.apache.http.nio.pool.AbstractNIOConnPool.requestTimeout(AbstractNIOConnPool.java:628) [httpcore-nio-4.4.12.jar:4.4.12]
	at org.apache.http.nio.pool.AbstractNIOConnPool$InternalSessionRequestCallback.timeout(AbstractNIOConnPool.java:894) [httpcore-nio-4.4.12.jar:4.4.12]
	at org.apache.http.impl.nio.reactor.SessionRequestImpl.timeout(SessionRequestImpl.java:184) [httpcore-nio-4.4.12.jar:4.4.12]
	at org.apache.http.impl.nio.reactor.DefaultConnectingIOReactor.processTimeouts(DefaultConnectingIOReactor.java:214) [httpcore-nio-4.4.12.jar:4.4.12]
	at org.apache.http.impl.nio.reactor.DefaultConnectingIOReactor.processEvents(DefaultConnectingIOReactor.java:158) [httpcore-nio-4.4.12.jar:4.4.12]
	at org.apache.http.impl.nio.reactor.AbstractMultiworkerIOReactor.execute(AbstractMultiworkerIOReactor.java:351) [httpcore-nio-4.4.12.jar:4.4.12]
	at org.apache.http.impl.nio.conn.PoolingNHttpClientConnectionManager.execute(PoolingNHttpClientConnectionManager.java:221) [httpasyncclient-4.1.4.jar:4.1.4]
	at org.apache.http.impl.nio.client.CloseableHttpAsyncClientBase$1.run(CloseableHttpAsyncClientBase.java:64) [httpasyncclient-4.1.4.jar:4.1.4]
	at java.lang.Thread.run(Unknown Source) [?:1.8.0_221]
2021-08-22 23:43:51,908 ERROR o.a.j.v.b.i.HttpMetricsSender: failed to send data to influxDB server.
java.net.ConnectException: Timeout connecting to [localhost/127.0.0.1:8086]
	at org.apache.http.nio.pool.RouteSpecificPool.timeout(RouteSpecificPool.java:169) [httpcore-nio-4.4.12.jar:4.4.12]
	at org.apache.http.nio.pool.AbstractNIOConnPool.requestTimeout(AbstractNIOConnPool.java:628) [httpcore-nio-4.4.12.jar:4.4.12]
	at org.apache.http.nio.pool.AbstractNIOConnPool$InternalSessionRequestCallback.timeout(AbstractNIOConnPool.java:894) [httpcore-nio-4.4.12.jar:4.4.12]
	at org.apache.http.impl.nio.reactor.SessionRequestImpl.timeout(SessionRequestImpl.java:184) [httpcore-nio-4.4.12.jar:4.4.12]
	at org.apache.http.impl.nio.reactor.DefaultConnectingIOReactor.processTimeouts(DefaultConnectingIOReactor.java:214) [httpcore-nio-4.4.12.jar:4.4.12]
	at org.apache.http.impl.nio.reactor.DefaultConnectingIOReactor.processEvents(DefaultConnectingIOReactor.java:158) [httpcore-nio-4.4.12.jar:4.4.12]
	at org.apache.http.impl.nio.reactor.AbstractMultiworkerIOReactor.execute(AbstractMultiworkerIOReactor.java:351) [httpcore-nio-4.4.12.jar:4.4.12]
	at org.apache.http.impl.nio.conn.PoolingNHttpClientConnectionManager.execute(PoolingNHttpClientConnectionManager.java:221) [httpasyncclient-4.1.4.jar:4.1.4]
	at org.apache.http.impl.nio.client.CloseableHttpAsyncClientBase$1.run(CloseableHttpAsyncClientBase.java:64) [httpasyncclient-4.1.4.jar:4.1.4]
	at java.lang.Thread.run(Unknown Source) [?:1.8.0_221]
2021-08-22 23:43:57,908 ERROR o.a.j.v.b.i.HttpMetricsSender: failed to send data to influxDB server.
java.net.ConnectException: Timeout connecting to [localhost/127.0.0.1:8086]
	at org.apache.http.nio.pool.RouteSpecificPool.timeout(RouteSpecificPool.java:169) [httpcore-nio-4.4.12.jar:4.4.12]
	at org.apache.http.nio.pool.AbstractNIOConnPool.requestTimeout(AbstractNIOConnPool.java:628) [httpcore-nio-4.4.12.jar:4.4.12]
	at org.apache.http.nio.pool.AbstractNIOConnPool$InternalSessionRequestCallback.timeout(AbstractNIOConnPool.java:894) [httpcore-nio-4.4.12.jar:4.4.12]
	at org.apache.http.impl.nio.reactor.SessionRequestImpl.timeout(SessionRequestImpl.java:184) [httpcore-nio-4.4.12.jar:4.4.12]
	at org.apache.http.impl.nio.reactor.DefaultConnectingIOReactor.processTimeouts(DefaultConnectingIOReactor.java:214) [httpcore-nio-4.4.12.jar:4.4.12]
	at org.apache.http.impl.nio.reactor.DefaultConnectingIOReactor.processEvents(DefaultConnectingIOReactor.java:158) [httpcore-nio-4.4.12.jar:4.4.12]
	at org.apache.http.impl.nio.reactor.AbstractMultiworkerIOReactor.execute(AbstractMultiworkerIOReactor.java:351) [httpcore-nio-4.4.12.jar:4.4.12]
	at org.apache.http.impl.nio.conn.PoolingNHttpClientConnectionManager.execute(PoolingNHttpClientConnectionManager.java:221) [httpasyncclient-4.1.4.jar:4.1.4]
	at org.apache.http.impl.nio.client.CloseableHttpAsyncClientBase$1.run(CloseableHttpAsyncClientBase.java:64) [httpasyncclient-4.1.4.jar:4.1.4]
	at java.lang.Thread.run(Unknown Source) [?:1.8.0_221]
2021-08-22 23:44:02,909 ERROR o.a.j.v.b.i.HttpMetricsSender: failed to send data to influxDB server.
java.net.ConnectException: Timeout connecting to [localhost/127.0.0.1:8086]
	at org.apache.http.nio.pool.RouteSpecificPool.timeout(RouteSpecificPool.java:169) [httpcore-nio-4.4.12.jar:4.4.12]
	at org.apache.http.nio.pool.AbstractNIOConnPool.requestTimeout(AbstractNIOConnPool.java:628) [httpcore-nio-4.4.12.jar:4.4.12]
	at org.apache.http.nio.pool.AbstractNIOConnPool$InternalSessionRequestCallback.timeout(AbstractNIOConnPool.java:894) [httpcore-nio-4.4.12.jar:4.4.12]
	at org.apache.http.impl.nio.reactor.SessionRequestImpl.timeout(SessionRequestImpl.java:184) [httpcore-nio-4.4.12.jar:4.4.12]
	at org.apache.http.impl.nio.reactor.DefaultConnectingIOReactor.processTimeouts(DefaultConnectingIOReactor.java:214) [httpcore-nio-4.4.12.jar:4.4.12]
	at org.apache.http.impl.nio.reactor.DefaultConnectingIOReactor.processEvents(DefaultConnectingIOReactor.java:158) [httpcore-nio-4.4.12.jar:4.4.12]
	at org.apache.http.impl.nio.reactor.AbstractMultiworkerIOReactor.execute(AbstractMultiworkerIOReactor.java:351) [httpcore-nio-4.4.12.jar:4.4.12]
	at org.apache.http.impl.nio.conn.PoolingNHttpClientConnectionManager.execute(PoolingNHttpClientConnectionManager.java:221) [httpasyncclient-4.1.4.jar:4.1.4]
	at org.apache.http.impl.nio.client.CloseableHttpAsyncClientBase$1.run(CloseableHttpAsyncClientBase.java:64) [httpasyncclient-4.1.4.jar:4.1.4]
	at java.lang.Thread.run(Unknown Source) [?:1.8.0_221]
2021-08-22 23:44:06,907 ERROR o.a.j.v.b.i.HttpMetricsSender: failed to send data to influxDB server.
java.net.ConnectException: Timeout connecting to [localhost/127.0.0.1:8086]
	at org.apache.http.nio.pool.RouteSpecificPool.timeout(RouteSpecificPool.java:169) [httpcore-nio-4.4.12.jar:4.4.12]
	at org.apache.http.nio.pool.AbstractNIOConnPool.requestTimeout(AbstractNIOConnPool.java:628) [httpcore-nio-4.4.12.jar:4.4.12]
	at org.apache.http.nio.pool.AbstractNIOConnPool$InternalSessionRequestCallback.timeout(AbstractNIOConnPool.java:894) [httpcore-nio-4.4.12.jar:4.4.12]
	at org.apache.http.impl.nio.reactor.SessionRequestImpl.timeout(SessionRequestImpl.java:184) [httpcore-nio-4.4.12.jar:4.4.12]
	at org.apache.http.impl.nio.reactor.DefaultConnectingIOReactor.processTimeouts(DefaultConnectingIOReactor.java:214) [httpcore-nio-4.4.12.jar:4.4.12]
	at org.apache.http.impl.nio.reactor.DefaultConnectingIOReactor.processEvents(DefaultConnectingIOReactor.java:158) [httpcore-nio-4.4.12.jar:4.4.12]
	at org.apache.http.impl.nio.reactor.AbstractMultiworkerIOReactor.execute(AbstractMultiworkerIOReactor.java:351) [httpcore-nio-4.4.12.jar:4.4.12]
	at org.apache.http.impl.nio.conn.PoolingNHttpClientConnectionManager.execute(PoolingNHttpClientConnectionManager.java:221) [httpasyncclient-4.1.4.jar:4.1.4]
	at org.apache.http.impl.nio.client.CloseableHttpAsyncClientBase$1.run(CloseableHttpAsyncClientBase.java:64) [httpasyncclient-4.1.4.jar:4.1.4]
	at java.lang.Thread.run(Unknown Source) [?:1.8.0_221]
2021-08-22 23:44:11,908 ERROR o.a.j.v.b.i.HttpMetricsSender: failed to send data to influxDB server.
java.net.ConnectException: Timeout connecting to [localhost/127.0.0.1:8086]
	at org.apache.http.nio.pool.RouteSpecificPool.timeout(RouteSpecificPool.java:169) [httpcore-nio-4.4.12.jar:4.4.12]
	at org.apache.http.nio.pool.AbstractNIOConnPool.requestTimeout(AbstractNIOConnPool.java:628) [httpcore-nio-4.4.12.jar:4.4.12]
	at org.apache.http.nio.pool.AbstractNIOConnPool$InternalSessionRequestCallback.timeout(AbstractNIOConnPool.java:894) [httpcore-nio-4.4.12.jar:4.4.12]
	at org.apache.http.impl.nio.reactor.SessionRequestImpl.timeout(SessionRequestImpl.java:184) [httpcore-nio-4.4.12.jar:4.4.12]
	at org.apache.http.impl.nio.reactor.DefaultConnectingIOReactor.processTimeouts(DefaultConnectingIOReactor.java:214) [httpcore-nio-4.4.12.jar:4.4.12]
	at org.apache.http.impl.nio.reactor.DefaultConnectingIOReactor.processEvents(DefaultConnectingIOReactor.java:158) [httpcore-nio-4.4.12.jar:4.4.12]
	at org.apache.http.impl.nio.reactor.AbstractMultiworkerIOReactor.execute(AbstractMultiworkerIOReactor.java:351) [httpcore-nio-4.4.12.jar:4.4.12]
	at org.apache.http.impl.nio.conn.PoolingNHttpClientConnectionManager.execute(PoolingNHttpClientConnectionManager.java:221) [httpasyncclient-4.1.4.jar:4.1.4]
	at org.apache.http.impl.nio.client.CloseableHttpAsyncClientBase$1.run(CloseableHttpAsyncClientBase.java:64) [httpasyncclient-4.1.4.jar:4.1.4]
	at java.lang.Thread.run(Unknown Source) [?:1.8.0_221]
2021-08-22 23:44:17,906 ERROR o.a.j.v.b.i.HttpMetricsSender: failed to send data to influxDB server.
java.net.ConnectException: Timeout connecting to [localhost/127.0.0.1:8086]
	at org.apache.http.nio.pool.RouteSpecificPool.timeout(RouteSpecificPool.java:169) [httpcore-nio-4.4.12.jar:4.4.12]
	at org.apache.http.nio.pool.AbstractNIOConnPool.requestTimeout(AbstractNIOConnPool.java:628) [httpcore-nio-4.4.12.jar:4.4.12]
	at org.apache.http.nio.pool.AbstractNIOConnPool$InternalSessionRequestCallback.timeout(AbstractNIOConnPool.java:894) [httpcore-nio-4.4.12.jar:4.4.12]
	at org.apache.http.impl.nio.reactor.SessionRequestImpl.timeout(SessionRequestImpl.java:184) [httpcore-nio-4.4.12.jar:4.4.12]
	at org.apache.http.impl.nio.reactor.DefaultConnectingIOReactor.processTimeouts(DefaultConnectingIOReactor.java:214) [httpcore-nio-4.4.12.jar:4.4.12]
	at org.apache.http.impl.nio.reactor.DefaultConnectingIOReactor.processEvents(DefaultConnectingIOReactor.java:158) [httpcore-nio-4.4.12.jar:4.4.12]
	at org.apache.http.impl.nio.reactor.AbstractMultiworkerIOReactor.execute(AbstractMultiworkerIOReactor.java:351) [httpcore-nio-4.4.12.jar:4.4.12]
	at org.apache.http.impl.nio.conn.PoolingNHttpClientConnectionManager.execute(PoolingNHttpClientConnectionManager.java:221) [httpasyncclient-4.1.4.jar:4.1.4]
	at org.apache.http.impl.nio.client.CloseableHttpAsyncClientBase$1.run(CloseableHttpAsyncClientBase.java:64) [httpasyncclient-4.1.4.jar:4.1.4]
	at java.lang.Thread.run(Unknown Source) [?:1.8.0_221]
2021-08-22 23:44:21,909 ERROR o.a.j.v.b.i.HttpMetricsSender: failed to send data to influxDB server.
java.net.ConnectException: Timeout connecting to [localhost/127.0.0.1:8086]
	at org.apache.http.nio.pool.RouteSpecificPool.timeout(RouteSpecificPool.java:169) [httpcore-nio-4.4.12.jar:4.4.12]
	at org.apache.http.nio.pool.AbstractNIOConnPool.requestTimeout(AbstractNIOConnPool.java:628) [httpcore-nio-4.4.12.jar:4.4.12]
	at org.apache.http.nio.pool.AbstractNIOConnPool$InternalSessionRequestCallback.timeout(AbstractNIOConnPool.java:894) [httpcore-nio-4.4.12.jar:4.4.12]
	at org.apache.http.impl.nio.reactor.SessionRequestImpl.timeout(SessionRequestImpl.java:184) [httpcore-nio-4.4.12.jar:4.4.12]
	at org.apache.http.impl.nio.reactor.DefaultConnectingIOReactor.processTimeouts(DefaultConnectingIOReactor.java:214) [httpcore-nio-4.4.12.jar:4.4.12]
	at org.apache.http.impl.nio.reactor.DefaultConnectingIOReactor.processEvents(DefaultConnectingIOReactor.java:158) [httpcore-nio-4.4.12.jar:4.4.12]
	at org.apache.http.impl.nio.reactor.AbstractMultiworkerIOReactor.execute(AbstractMultiworkerIOReactor.java:351) [httpcore-nio-4.4.12.jar:4.4.12]
	at org.apache.http.impl.nio.conn.PoolingNHttpClientConnectionManager.execute(PoolingNHttpClientConnectionManager.java:221) [httpasyncclient-4.1.4.jar:4.1.4]
	at org.apache.http.impl.nio.client.CloseableHttpAsyncClientBase$1.run(CloseableHttpAsyncClientBase.java:64) [httpasyncclient-4.1.4.jar:4.1.4]
	at java.lang.Thread.run(Unknown Source) [?:1.8.0_221]
2021-08-22 23:44:26,908 ERROR o.a.j.v.b.i.HttpMetricsSender: failed to send data to influxDB server.
java.net.ConnectException: Timeout connecting to [localhost/127.0.0.1:8086]
	at org.apache.http.nio.pool.RouteSpecificPool.timeout(RouteSpecificPool.java:169) [httpcore-nio-4.4.12.jar:4.4.12]
	at org.apache.http.nio.pool.AbstractNIOConnPool.requestTimeout(AbstractNIOConnPool.java:628) [httpcore-nio-4.4.12.jar:4.4.12]
	at org.apache.http.nio.pool.AbstractNIOConnPool$InternalSessionRequestCallback.timeout(AbstractNIOConnPool.java:894) [httpcore-nio-4.4.12.jar:4.4.12]
	at org.apache.http.impl.nio.reactor.SessionRequestImpl.timeout(SessionRequestImpl.java:184) [httpcore-nio-4.4.12.jar:4.4.12]
	at org.apache.http.impl.nio.reactor.DefaultConnectingIOReactor.processTimeouts(DefaultConnectingIOReactor.java:214) [httpcore-nio-4.4.12.jar:4.4.12]
	at org.apache.http.impl.nio.reactor.DefaultConnectingIOReactor.processEvents(DefaultConnectingIOReactor.java:158) [httpcore-nio-4.4.12.jar:4.4.12]
	at org.apache.http.impl.nio.reactor.AbstractMultiworkerIOReactor.execute(AbstractMultiworkerIOReactor.java:351) [httpcore-nio-4.4.12.jar:4.4.12]
	at org.apache.http.impl.nio.conn.PoolingNHttpClientConnectionManager.execute(PoolingNHttpClientConnectionManager.java:221) [httpasyncclient-4.1.4.jar:4.1.4]
	at org.apache.http.impl.nio.client.CloseableHttpAsyncClientBase$1.run(CloseableHttpAsyncClientBase.java:64) [httpasyncclient-4.1.4.jar:4.1.4]
	at java.lang.Thread.run(Unknown Source) [?:1.8.0_221]
2021-08-22 23:44:32,908 ERROR o.a.j.v.b.i.HttpMetricsSender: failed to send data to influxDB server.
java.net.ConnectException: Timeout connecting to [localhost/127.0.0.1:8086]
	at org.apache.http.nio.pool.RouteSpecificPool.timeout(RouteSpecificPool.java:169) [httpcore-nio-4.4.12.jar:4.4.12]
	at org.apache.http.nio.pool.AbstractNIOConnPool.requestTimeout(AbstractNIOConnPool.java:628) [httpcore-nio-4.4.12.jar:4.4.12]
	at org.apache.http.nio.pool.AbstractNIOConnPool$InternalSessionRequestCallback.timeout(AbstractNIOConnPool.java:894) [httpcore-nio-4.4.12.jar:4.4.12]
	at org.apache.http.impl.nio.reactor.SessionRequestImpl.timeout(SessionRequestImpl.java:184) [httpcore-nio-4.4.12.jar:4.4.12]
	at org.apache.http.impl.nio.reactor.DefaultConnectingIOReactor.processTimeouts(DefaultConnectingIOReactor.java:214) [httpcore-nio-4.4.12.jar:4.4.12]
	at org.apache.http.impl.nio.reactor.DefaultConnectingIOReactor.processEvents(DefaultConnectingIOReactor.java:158) [httpcore-nio-4.4.12.jar:4.4.12]
	at org.apache.http.impl.nio.reactor.AbstractMultiworkerIOReactor.execute(AbstractMultiworkerIOReactor.java:351) [httpcore-nio-4.4.12.jar:4.4.12]
	at org.apache.http.impl.nio.conn.PoolingNHttpClientConnectionManager.execute(PoolingNHttpClientConnectionManager.java:221) [httpasyncclient-4.1.4.jar:4.1.4]
	at org.apache.http.impl.nio.client.CloseableHttpAsyncClientBase$1.run(CloseableHttpAsyncClientBase.java:64) [httpasyncclient-4.1.4.jar:4.1.4]
	at java.lang.Thread.run(Unknown Source) [?:1.8.0_221]
2021-08-22 23:44:36,907 ERROR o.a.j.v.b.i.HttpMetricsSender: failed to send data to influxDB server.
java.net.ConnectException: Timeout connecting to [localhost/127.0.0.1:8086]
	at org.apache.http.nio.pool.RouteSpecificPool.timeout(RouteSpecificPool.java:169) [httpcore-nio-4.4.12.jar:4.4.12]
	at org.apache.http.nio.pool.AbstractNIOConnPool.requestTimeout(AbstractNIOConnPool.java:628) [httpcore-nio-4.4.12.jar:4.4.12]
	at org.apache.http.nio.pool.AbstractNIOConnPool$InternalSessionRequestCallback.timeout(AbstractNIOConnPool.java:894) [httpcore-nio-4.4.12.jar:4.4.12]
	at org.apache.http.impl.nio.reactor.SessionRequestImpl.timeout(SessionRequestImpl.java:184) [httpcore-nio-4.4.12.jar:4.4.12]
	at org.apache.http.impl.nio.reactor.DefaultConnectingIOReactor.processTimeouts(DefaultConnectingIOReactor.java:214) [httpcore-nio-4.4.12.jar:4.4.12]
	at org.apache.http.impl.nio.reactor.DefaultConnectingIOReactor.processEvents(DefaultConnectingIOReactor.java:158) [httpcore-nio-4.4.12.jar:4.4.12]
	at org.apache.http.impl.nio.reactor.AbstractMultiworkerIOReactor.execute(AbstractMultiworkerIOReactor.java:351) [httpcore-nio-4.4.12.jar:4.4.12]
	at org.apache.http.impl.nio.conn.PoolingNHttpClientConnectionManager.execute(PoolingNHttpClientConnectionManager.java:221) [httpasyncclient-4.1.4.jar:4.1.4]
	at org.apache.http.impl.nio.client.CloseableHttpAsyncClientBase$1.run(CloseableHttpAsyncClientBase.java:64) [httpasyncclient-4.1.4.jar:4.1.4]
	at java.lang.Thread.run(Unknown Source) [?:1.8.0_221]
2021-08-22 23:44:42,907 ERROR o.a.j.v.b.i.HttpMetricsSender: failed to send data to influxDB server.
java.net.ConnectException: Timeout connecting to [localhost/127.0.0.1:8086]
	at org.apache.http.nio.pool.RouteSpecificPool.timeout(RouteSpecificPool.java:169) [httpcore-nio-4.4.12.jar:4.4.12]
	at org.apache.http.nio.pool.AbstractNIOConnPool.requestTimeout(AbstractNIOConnPool.java:628) [httpcore-nio-4.4.12.jar:4.4.12]
	at org.apache.http.nio.pool.AbstractNIOConnPool$InternalSessionRequestCallback.timeout(AbstractNIOConnPool.java:894) [httpcore-nio-4.4.12.jar:4.4.12]
	at org.apache.http.impl.nio.reactor.SessionRequestImpl.timeout(SessionRequestImpl.java:184) [httpcore-nio-4.4.12.jar:4.4.12]
	at org.apache.http.impl.nio.reactor.DefaultConnectingIOReactor.processTimeouts(DefaultConnectingIOReactor.java:214) [httpcore-nio-4.4.12.jar:4.4.12]
	at org.apache.http.impl.nio.reactor.DefaultConnectingIOReactor.processEvents(DefaultConnectingIOReactor.java:158) [httpcore-nio-4.4.12.jar:4.4.12]
	at org.apache.http.impl.nio.reactor.AbstractMultiworkerIOReactor.execute(AbstractMultiworkerIOReactor.java:351) [httpcore-nio-4.4.12.jar:4.4.12]
	at org.apache.http.impl.nio.conn.PoolingNHttpClientConnectionManager.execute(PoolingNHttpClientConnectionManager.java:221) [httpasyncclient-4.1.4.jar:4.1.4]
	at org.apache.http.impl.nio.client.CloseableHttpAsyncClientBase$1.run(CloseableHttpAsyncClientBase.java:64) [httpasyncclient-4.1.4.jar:4.1.4]
	at java.lang.Thread.run(Unknown Source) [?:1.8.0_221]
2021-08-22 23:44:47,913 ERROR o.a.j.v.b.i.HttpMetricsSender: failed to send data to influxDB server.
java.net.ConnectException: Timeout connecting to [localhost/127.0.0.1:8086]
	at org.apache.http.nio.pool.RouteSpecificPool.timeout(RouteSpecificPool.java:169) [httpcore-nio-4.4.12.jar:4.4.12]
	at org.apache.http.nio.pool.AbstractNIOConnPool.requestTimeout(AbstractNIOConnPool.java:628) [httpcore-nio-4.4.12.jar:4.4.12]
	at org.apache.http.nio.pool.AbstractNIOConnPool$InternalSessionRequestCallback.timeout(AbstractNIOConnPool.java:894) [httpcore-nio-4.4.12.jar:4.4.12]
	at org.apache.http.impl.nio.reactor.SessionRequestImpl.timeout(SessionRequestImpl.java:184) [httpcore-nio-4.4.12.jar:4.4.12]
	at org.apache.http.impl.nio.reactor.DefaultConnectingIOReactor.processTimeouts(DefaultConnectingIOReactor.java:214) [httpcore-nio-4.4.12.jar:4.4.12]
	at org.apache.http.impl.nio.reactor.DefaultConnectingIOReactor.processEvents(DefaultConnectingIOReactor.java:158) [httpcore-nio-4.4.12.jar:4.4.12]
	at org.apache.http.impl.nio.reactor.AbstractMultiworkerIOReactor.execute(AbstractMultiworkerIOReactor.java:351) [httpcore-nio-4.4.12.jar:4.4.12]
	at org.apache.http.impl.nio.conn.PoolingNHttpClientConnectionManager.execute(PoolingNHttpClientConnectionManager.java:221) [httpasyncclient-4.1.4.jar:4.1.4]
	at org.apache.http.impl.nio.client.CloseableHttpAsyncClientBase$1.run(CloseableHttpAsyncClientBase.java:64) [httpasyncclient-4.1.4.jar:4.1.4]
	at java.lang.Thread.run(Unknown Source) [?:1.8.0_221]
2021-08-22 23:44:52,907 ERROR o.a.j.v.b.i.HttpMetricsSender: failed to send data to influxDB server.
java.net.ConnectException: Timeout connecting to [localhost/127.0.0.1:8086]
	at org.apache.http.nio.pool.RouteSpecificPool.timeout(RouteSpecificPool.java:169) [httpcore-nio-4.4.12.jar:4.4.12]
	at org.apache.http.nio.pool.AbstractNIOConnPool.requestTimeout(AbstractNIOConnPool.java:628) [httpcore-nio-4.4.12.jar:4.4.12]
	at org.apache.http.nio.pool.AbstractNIOConnPool$InternalSessionRequestCallback.timeout(AbstractNIOConnPool.java:894) [httpcore-nio-4.4.12.jar:4.4.12]
	at org.apache.http.impl.nio.reactor.SessionRequestImpl.timeout(SessionRequestImpl.java:184) [httpcore-nio-4.4.12.jar:4.4.12]
	at org.apache.http.impl.nio.reactor.DefaultConnectingIOReactor.processTimeouts(DefaultConnectingIOReactor.java:214) [httpcore-nio-4.4.12.jar:4.4.12]
	at org.apache.http.impl.nio.reactor.DefaultConnectingIOReactor.processEvents(DefaultConnectingIOReactor.java:158) [httpcore-nio-4.4.12.jar:4.4.12]
	at org.apache.http.impl.nio.reactor.AbstractMultiworkerIOReactor.execute(AbstractMultiworkerIOReactor.java:351) [httpcore-nio-4.4.12.jar:4.4.12]
	at org.apache.http.impl.nio.conn.PoolingNHttpClientConnectionManager.execute(PoolingNHttpClientConnectionManager.java:221) [httpasyncclient-4.1.4.jar:4.1.4]
	at org.apache.http.impl.nio.client.CloseableHttpAsyncClientBase$1.run(CloseableHttpAsyncClientBase.java:64) [httpasyncclient-4.1.4.jar:4.1.4]
	at java.lang.Thread.run(Unknown Source) [?:1.8.0_221]
2021-08-22 23:44:55,557 INFO o.a.j.t.JMeterThread: Thread is done: Thread Group 1-1
2021-08-22 23:44:55,557 INFO o.a.j.t.JMeterThread: Thread finished: Thread Group 1-1
2021-08-22 23:44:55,558 INFO o.a.j.e.StandardJMeterEngine: Notifying test listeners of end of test
2021-08-22 23:44:55,559 INFO o.a.j.v.b.BackendListener: Worker ended
2021-08-22 23:44:55,559 INFO o.a.j.v.b.i.InfluxdbBackendListenerClient: Sending last metrics
2021-08-22 23:44:55,561 INFO o.a.j.v.b.i.HttpMetricsSender: Destroying 
2021-08-22 23:44:56,562 ERROR o.a.j.v.b.i.HttpMetricsSender: failed to send data to influxDB server.
java.net.ConnectException: Timeout connecting to [localhost/127.0.0.1:8086]
	at org.apache.http.nio.pool.RouteSpecificPool.timeout(RouteSpecificPool.java:169) [httpcore-nio-4.4.12.jar:4.4.12]
	at org.apache.http.nio.pool.AbstractNIOConnPool.requestTimeout(AbstractNIOConnPool.java:628) [httpcore-nio-4.4.12.jar:4.4.12]
	at org.apache.http.nio.pool.AbstractNIOConnPool$InternalSessionRequestCallback.timeout(AbstractNIOConnPool.java:894) [httpcore-nio-4.4.12.jar:4.4.12]
	at org.apache.http.impl.nio.reactor.SessionRequestImpl.timeout(SessionRequestImpl.java:184) [httpcore-nio-4.4.12.jar:4.4.12]
	at org.apache.http.impl.nio.reactor.DefaultConnectingIOReactor.processTimeouts(DefaultConnectingIOReactor.java:214) [httpcore-nio-4.4.12.jar:4.4.12]
	at org.apache.http.impl.nio.reactor.DefaultConnectingIOReactor.processEvents(DefaultConnectingIOReactor.java:158) [httpcore-nio-4.4.12.jar:4.4.12]
	at org.apache.http.impl.nio.reactor.AbstractMultiworkerIOReactor.execute(AbstractMultiworkerIOReactor.java:351) [httpcore-nio-4.4.12.jar:4.4.12]
	at org.apache.http.impl.nio.conn.PoolingNHttpClientConnectionManager.execute(PoolingNHttpClientConnectionManager.java:221) [httpasyncclient-4.1.4.jar:4.1.4]
	at org.apache.http.impl.nio.client.CloseableHttpAsyncClientBase$1.run(CloseableHttpAsyncClientBase.java:64) [httpasyncclient-4.1.4.jar:4.1.4]
	at java.lang.Thread.run(Unknown Source) [?:1.8.0_221]
2021-08-22 23:44:56,562 ERROR o.a.j.v.b.i.HttpMetricsSender: Error waiting for last request to be send to InfluxDB
java.util.concurrent.ExecutionException: java.net.ConnectException: Timeout connecting to [localhost/127.0.0.1:8086]
	at org.apache.http.concurrent.BasicFuture.getResult(BasicFuture.java:71) ~[httpcore-4.4.12.jar:4.4.12]
	at org.apache.http.concurrent.BasicFuture.get(BasicFuture.java:102) ~[httpcore-4.4.12.jar:4.4.12]
	at org.apache.http.impl.nio.client.FutureWrapper.get(FutureWrapper.java:75) ~[httpasyncclient-4.1.4.jar:4.1.4]
	at org.apache.jmeter.visualizers.backend.influxdb.HttpMetricsSender.destroy(HttpMetricsSender.java:246) [ApacheJMeter_components.jar:5.2.1]
	at org.apache.jmeter.visualizers.backend.influxdb.InfluxdbBackendListenerClient.teardownTest(InfluxdbBackendListenerClient.java:419) [ApacheJMeter_components.jar:5.2.1]
	at org.apache.jmeter.visualizers.backend.BackendListener.testEnded(BackendListener.java:376) [ApacheJMeter_components.jar:5.2.1]
	at org.apache.jmeter.visualizers.backend.BackendListener.testEnded(BackendListener.java:384) [ApacheJMeter_components.jar:5.2.1]
	at org.apache.jmeter.engine.StandardJMeterEngine.notifyTestListenersOfEnd(StandardJMeterEngine.java:218) [ApacheJMeter_core.jar:5.2.1]
	at org.apache.jmeter.engine.StandardJMeterEngine.run(StandardJMeterEngine.java:492) [ApacheJMeter_core.jar:5.2.1]
	at java.lang.Thread.run(Unknown Source) [?:1.8.0_221]
Caused by: java.net.ConnectException: Timeout connecting to [localhost/127.0.0.1:8086]
	at org.apache.http.nio.pool.RouteSpecificPool.timeout(RouteSpecificPool.java:169) ~[httpcore-nio-4.4.12.jar:4.4.12]
	at org.apache.http.nio.pool.AbstractNIOConnPool.requestTimeout(AbstractNIOConnPool.java:628) ~[httpcore-nio-4.4.12.jar:4.4.12]
	at org.apache.http.nio.pool.AbstractNIOConnPool$InternalSessionRequestCallback.timeout(AbstractNIOConnPool.java:894) ~[httpcore-nio-4.4.12.jar:4.4.12]
	at org.apache.http.impl.nio.reactor.SessionRequestImpl.timeout(SessionRequestImpl.java:184) ~[httpcore-nio-4.4.12.jar:4.4.12]
	at org.apache.http.impl.nio.reactor.DefaultConnectingIOReactor.processTimeouts(DefaultConnectingIOReactor.java:214) ~[httpcore-nio-4.4.12.jar:4.4.12]
	at org.apache.http.impl.nio.reactor.DefaultConnectingIOReactor.processEvents(DefaultConnectingIOReactor.java:158) ~[httpcore-nio-4.4.12.jar:4.4.12]
	at org.apache.http.impl.nio.reactor.AbstractMultiworkerIOReactor.execute(AbstractMultiworkerIOReactor.java:351) ~[httpcore-nio-4.4.12.jar:4.4.12]
	at org.apache.http.impl.nio.conn.PoolingNHttpClientConnectionManager.execute(PoolingNHttpClientConnectionManager.java:221) ~[httpasyncclient-4.1.4.jar:4.1.4]
	at org.apache.http.impl.nio.client.CloseableHttpAsyncClientBase$1.run(CloseableHttpAsyncClientBase.java:64) ~[httpasyncclient-4.1.4.jar:4.1.4]
	... 1 more
2021-08-22 23:44:56,567 INFO o.a.j.r.Summariser: summary =      0 in 00:00:00 = ******/s Avg:     0 Min: 9223372036854775807 Max: -9223372036854775808 Err:     0 (0.00%)
